Sender: LSF System <lsfadmin@polus-c3-ib.bmc.hpc.cs.msu.ru>
Subject: Job 1106790: <#BSUB -W 00:15;#BSUB -o /home_edu/edu-cmc-skpod23-321/edu-cmc-skpod23-321-01/out/openmp_hyperplain200_O0_20.out;#BSUB -e /home_edu/edu-cmc-skpod23-321/edu-cmc-skpod23-321-01/out/openmp_hyperplain200_O0_20.err; #BSUB -n 3;OMP_NUM_THREADS=20 /home_edu/edu-cmc-skpod23-321/edu-cmc-skpod23-321-01/build_prog/openmp_hyperplain200_O0> in cluster <MSUCluster> Done

Job <#BSUB -W 00:15;#BSUB -o /home_edu/edu-cmc-skpod23-321/edu-cmc-skpod23-321-01/out/openmp_hyperplain200_O0_20.out;#BSUB -e /home_edu/edu-cmc-skpod23-321/edu-cmc-skpod23-321-01/out/openmp_hyperplain200_O0_20.err; #BSUB -n 3;OMP_NUM_THREADS=20 /home_edu/edu-cmc-skpod23-321/edu-cmc-skpod23-321-01/build_prog/openmp_hyperplain200_O0> was submitted from host <polus-ib.bmc.hpc.cs.msu.ru> by user <edu-cmc-skpod23-321-01> in cluster <MSUCluster> at Tue Dec  5 22:58:20 2023
Job was executed on host(s) <3*polus-c3-ib.bmc.hpc.cs.msu.ru>, in queue <short>, as user <edu-cmc-skpod23-321-01> in cluster <MSUCluster> at Wed Dec  6 00:22:52 2023
</home_edu/edu-cmc-skpod23-321/edu-cmc-skpod23-321-01> was used as the home directory.
</home_edu/edu-cmc-skpod23-321/edu-cmc-skpod23-321-01> was used as the working directory.
Started at Wed Dec  6 00:22:52 2023
Terminated at Wed Dec  6 00:23:37 2023
Results reported at Wed Dec  6 00:23:37 2023

Your job looked like:

------------------------------------------------------------
# LSBATCH: User input
#BSUB -W 00:15
#BSUB -o /home_edu/edu-cmc-skpod23-321/edu-cmc-skpod23-321-01/out/openmp_hyperplain200_O0_20.out
#BSUB -e /home_edu/edu-cmc-skpod23-321/edu-cmc-skpod23-321-01/out/openmp_hyperplain200_O0_20.err

#BSUB -n 3
OMP_NUM_THREADS=20 /home_edu/edu-cmc-skpod23-321/edu-cmc-skpod23-321-01/build_prog/openmp_hyperplain200_O0

------------------------------------------------------------

Successfully completed.

Resource usage summary:

    CPU time :                                   473.35 sec.
    Max Memory :                                 67 MB
    Average Memory :                             59.67 MB
    Total Requested Memory :                     -
    Delta Memory :                               -
    Max Swap :                                   -
    Max Processes :                              4
    Max Threads :                                24
    Run time :                                   46 sec.
    Turnaround time :                            5117 sec.

The output (if any) follows:

Time = 11.053984


PS:

Read file </home_edu/edu-cmc-skpod23-321/edu-cmc-skpod23-321-01/out/openmp_hyperplain200_O0_20.err> for stderr output of this job.

