Sender: LSF System <lsfadmin@polus-c3-ib.bmc.hpc.cs.msu.ru>
Subject: Job 1106933: <#BSUB -W 00:15;#BSUB -o /home_edu/edu-cmc-skpod23-321/edu-cmc-skpod23-321-01/out/openmp_hyperplain1200_O3_120.out;#BSUB -e /home_edu/edu-cmc-skpod23-321/edu-cmc-skpod23-321-01/out/openmp_hyperplain1200_O3_120.err; #BSUB -n 16;OMP_NUM_THREADS=120 /home_edu/edu-cmc-skpod23-321/edu-cmc-skpod23-321-01/build_prog/openmp_hyperplain1200_O3> in cluster <MSUCluster> Exited

Job <#BSUB -W 00:15;#BSUB -o /home_edu/edu-cmc-skpod23-321/edu-cmc-skpod23-321-01/out/openmp_hyperplain1200_O3_120.out;#BSUB -e /home_edu/edu-cmc-skpod23-321/edu-cmc-skpod23-321-01/out/openmp_hyperplain1200_O3_120.err; #BSUB -n 16;OMP_NUM_THREADS=120 /home_edu/edu-cmc-skpod23-321/edu-cmc-skpod23-321-01/build_prog/openmp_hyperplain1200_O3> was submitted from host <polus-ib.bmc.hpc.cs.msu.ru> by user <edu-cmc-skpod23-321-01> in cluster <MSUCluster> at Tue Dec  5 22:58:22 2023
Job was executed on host(s) <11*polus-c3-ib.bmc.hpc.cs.msu.ru>, in queue <short>, as user <edu-cmc-skpod23-321-01> in cluster <MSUCluster> at Wed Dec  6 04:57:22 2023
                            <5*polus-c4-ib.bmc.hpc.cs.msu.ru>
</home_edu/edu-cmc-skpod23-321/edu-cmc-skpod23-321-01> was used as the home directory.
</home_edu/edu-cmc-skpod23-321/edu-cmc-skpod23-321-01> was used as the working directory.
Started at Wed Dec  6 04:57:22 2023
Terminated at Wed Dec  6 05:12:28 2023
Results reported at Wed Dec  6 05:12:28 2023

Your job looked like:

------------------------------------------------------------
# LSBATCH: User input
#BSUB -W 00:15
#BSUB -o /home_edu/edu-cmc-skpod23-321/edu-cmc-skpod23-321-01/out/openmp_hyperplain1200_O3_120.out
#BSUB -e /home_edu/edu-cmc-skpod23-321/edu-cmc-skpod23-321-01/out/openmp_hyperplain1200_O3_120.err

#BSUB -n 16
OMP_NUM_THREADS=120 /home_edu/edu-cmc-skpod23-321/edu-cmc-skpod23-321-01/build_prog/openmp_hyperplain1200_O3

------------------------------------------------------------

TERM_RUNLIMIT: job killed after reaching LSF run time limit.
Exited with exit code 140.

Resource usage summary:

    CPU time :                                   49459.00 sec.
    Max Memory :                                 13196 MB
    Average Memory :                             13076.57 MB
    Total Requested Memory :                     -
    Delta Memory :                               -
    Max Swap :                                   -
    Max Processes :                              4
    Max Threads :                                124
    Run time :                                   905 sec.
    Turnaround time :                            22446 sec.

The output (if any) follows:



PS:

Read file </home_edu/edu-cmc-skpod23-321/edu-cmc-skpod23-321-01/out/openmp_hyperplain1200_O3_120.err> for stderr output of this job.

