Sender: LSF System <lsfadmin@polus-c3-ib.bmc.hpc.cs.msu.ru>
Subject: Job 1105036: <#BSUB -W 00:15;#BSUB -o /home_edu/edu-cmc-skpod23-321/edu-cmc-skpod23-321-01/out/openmp_redblack1200_O0_80.out;#BSUB -e /home_edu/edu-cmc-skpod23-321/edu-cmc-skpod23-321-01/out/openmp_redblack1200_O0_80.err; #BSUB -n 11;OMP_NUM_THREADS=80 /home_edu/edu-cmc-skpod23-321/edu-cmc-skpod23-321-01/build_prog/openmp_redblack1200_O0> in cluster <MSUCluster> Done

Job <#BSUB -W 00:15;#BSUB -o /home_edu/edu-cmc-skpod23-321/edu-cmc-skpod23-321-01/out/openmp_redblack1200_O0_80.out;#BSUB -e /home_edu/edu-cmc-skpod23-321/edu-cmc-skpod23-321-01/out/openmp_redblack1200_O0_80.err; #BSUB -n 11;OMP_NUM_THREADS=80 /home_edu/edu-cmc-skpod23-321/edu-cmc-skpod23-321-01/build_prog/openmp_redblack1200_O0> was submitted from host <polus-ib.bmc.hpc.cs.msu.ru> by user <edu-cmc-skpod23-321-01> in cluster <MSUCluster> at Tue Dec  5 10:44:19 2023
Job was executed on host(s) <9*polus-c3-ib.bmc.hpc.cs.msu.ru>, in queue <short>, as user <edu-cmc-skpod23-321-01> in cluster <MSUCluster> at Tue Dec  5 12:32:01 2023
                            <2*polus-c4-ib.bmc.hpc.cs.msu.ru>
</home_edu/edu-cmc-skpod23-321/edu-cmc-skpod23-321-01> was used as the home directory.
</home_edu/edu-cmc-skpod23-321/edu-cmc-skpod23-321-01> was used as the working directory.
Started at Tue Dec  5 12:32:01 2023
Terminated at Tue Dec  5 12:38:38 2023
Results reported at Tue Dec  5 12:38:38 2023

Your job looked like:

------------------------------------------------------------
# LSBATCH: User input
#BSUB -W 00:15
#BSUB -o /home_edu/edu-cmc-skpod23-321/edu-cmc-skpod23-321-01/out/openmp_redblack1200_O0_80.out
#BSUB -e /home_edu/edu-cmc-skpod23-321/edu-cmc-skpod23-321-01/out/openmp_redblack1200_O0_80.err

#BSUB -n 11
OMP_NUM_THREADS=80 /home_edu/edu-cmc-skpod23-321/edu-cmc-skpod23-321-01/build_prog/openmp_redblack1200_O0

------------------------------------------------------------

Successfully completed.

Resource usage summary:

    CPU time :                                   26724.24 sec.
    Max Memory :                                 13193 MB
    Average Memory :                             12965.55 MB
    Total Requested Memory :                     -
    Delta Memory :                               -
    Max Swap :                                   -
    Max Processes :                              4
    Max Threads :                                84
    Run time :                                   396 sec.
    Turnaround time :                            6859 sec.

The output (if any) follows:

Time = 395.434489


PS:

Read file </home_edu/edu-cmc-skpod23-321/edu-cmc-skpod23-321-01/out/openmp_redblack1200_O0_80.err> for stderr output of this job.

