Sender: LSF System <lsfadmin@polus-c4-ib.bmc.hpc.cs.msu.ru>
Subject: Job 1106736: <#BSUB -W 00:15;#BSUB -o /home_edu/edu-cmc-skpod23-321/edu-cmc-skpod23-321-01/out/openmp_hyperplain500_O2_6.out;#BSUB -e /home_edu/edu-cmc-skpod23-321/edu-cmc-skpod23-321-01/out/openmp_hyperplain500_O2_6.err; #BSUB -n 1;OMP_NUM_THREADS=6 /home_edu/edu-cmc-skpod23-321/edu-cmc-skpod23-321-01/build_prog/openmp_hyperplain500_O2> in cluster <MSUCluster> Done

Job <#BSUB -W 00:15;#BSUB -o /home_edu/edu-cmc-skpod23-321/edu-cmc-skpod23-321-01/out/openmp_hyperplain500_O2_6.out;#BSUB -e /home_edu/edu-cmc-skpod23-321/edu-cmc-skpod23-321-01/out/openmp_hyperplain500_O2_6.err; #BSUB -n 1;OMP_NUM_THREADS=6 /home_edu/edu-cmc-skpod23-321/edu-cmc-skpod23-321-01/build_prog/openmp_hyperplain500_O2> was submitted from host <polus-ib.bmc.hpc.cs.msu.ru> by user <edu-cmc-skpod23-321-01> in cluster <MSUCluster> at Tue Dec  5 22:58:20 2023
Job was executed on host(s) <polus-c4-ib.bmc.hpc.cs.msu.ru>, in queue <short>, as user <edu-cmc-skpod23-321-01> in cluster <MSUCluster> at Tue Dec  5 23:21:25 2023
</home_edu/edu-cmc-skpod23-321/edu-cmc-skpod23-321-01> was used as the home directory.
</home_edu/edu-cmc-skpod23-321/edu-cmc-skpod23-321-01> was used as the working directory.
Started at Tue Dec  5 23:21:25 2023
Terminated at Tue Dec  5 23:25:32 2023
Results reported at Tue Dec  5 23:25:32 2023

Your job looked like:

------------------------------------------------------------
# LSBATCH: User input
#BSUB -W 00:15
#BSUB -o /home_edu/edu-cmc-skpod23-321/edu-cmc-skpod23-321-01/out/openmp_hyperplain500_O2_6.out
#BSUB -e /home_edu/edu-cmc-skpod23-321/edu-cmc-skpod23-321-01/out/openmp_hyperplain500_O2_6.err

#BSUB -n 1
OMP_NUM_THREADS=6 /home_edu/edu-cmc-skpod23-321/edu-cmc-skpod23-321-01/build_prog/openmp_hyperplain500_O2

------------------------------------------------------------

Successfully completed.

Resource usage summary:

    CPU time :                                   814.24 sec.
    Max Memory :                                 959 MB
    Average Memory :                             933.87 MB
    Total Requested Memory :                     -
    Delta Memory :                               -
    Max Swap :                                   -
    Max Processes :                              4
    Max Threads :                                10
    Run time :                                   247 sec.
    Turnaround time :                            1632 sec.

The output (if any) follows:

Time = 247.016593


PS:

Read file </home_edu/edu-cmc-skpod23-321/edu-cmc-skpod23-321-01/out/openmp_hyperplain500_O2_6.err> for stderr output of this job.

