Sender: LSF System <lsfadmin@polus-c4-ib.bmc.hpc.cs.msu.ru>
Subject: Job 1105239: <#BSUB -W 00:15;#BSUB -o /home_edu/edu-cmc-skpod23-321/edu-cmc-skpod23-321-01/out/openmp_hyperplain1200_O2_120.out;#BSUB -e /home_edu/edu-cmc-skpod23-321/edu-cmc-skpod23-321-01/out/openmp_hyperplain1200_O2_120.err; #BSUB -n 16;OMP_NUM_THREADS=120 /home_edu/edu-cmc-skpod23-321/edu-cmc-skpod23-321-01/build_prog/openmp_hyperplain1200_O2> in cluster <MSUCluster> Exited

Job <#BSUB -W 00:15;#BSUB -o /home_edu/edu-cmc-skpod23-321/edu-cmc-skpod23-321-01/out/openmp_hyperplain1200_O2_120.out;#BSUB -e /home_edu/edu-cmc-skpod23-321/edu-cmc-skpod23-321-01/out/openmp_hyperplain1200_O2_120.err; #BSUB -n 16;OMP_NUM_THREADS=120 /home_edu/edu-cmc-skpod23-321/edu-cmc-skpod23-321-01/build_prog/openmp_hyperplain1200_O2> was submitted from host <polus-ib.bmc.hpc.cs.msu.ru> by user <edu-cmc-skpod23-321-01> in cluster <MSUCluster> at Tue Dec  5 10:44:21 2023
Job was executed on host(s) <7*polus-c4-ib.bmc.hpc.cs.msu.ru>, in queue <short>, as user <edu-cmc-skpod23-321-01> in cluster <MSUCluster> at Tue Dec  5 22:27:34 2023
                            <9*polus-c3-ib.bmc.hpc.cs.msu.ru>
</home_edu/edu-cmc-skpod23-321/edu-cmc-skpod23-321-01> was used as the home directory.
</home_edu/edu-cmc-skpod23-321/edu-cmc-skpod23-321-01> was used as the working directory.
Started at Tue Dec  5 22:27:34 2023
Terminated at Tue Dec  5 22:42:40 2023
Results reported at Tue Dec  5 22:42:40 2023

Your job looked like:

------------------------------------------------------------
# LSBATCH: User input
#BSUB -W 00:15
#BSUB -o /home_edu/edu-cmc-skpod23-321/edu-cmc-skpod23-321-01/out/openmp_hyperplain1200_O2_120.out
#BSUB -e /home_edu/edu-cmc-skpod23-321/edu-cmc-skpod23-321-01/out/openmp_hyperplain1200_O2_120.err

#BSUB -n 16
OMP_NUM_THREADS=120 /home_edu/edu-cmc-skpod23-321/edu-cmc-skpod23-321-01/build_prog/openmp_hyperplain1200_O2

------------------------------------------------------------

TERM_RUNLIMIT: job killed after reaching LSF run time limit.
Exited with exit code 140.

Resource usage summary:

    CPU time :                                   55772.00 sec.
    Max Memory :                                 13195 MB
    Average Memory :                             13057.94 MB
    Total Requested Memory :                     -
    Delta Memory :                               -
    Max Swap :                                   -
    Max Processes :                              4
    Max Threads :                                124
    Run time :                                   907 sec.
    Turnaround time :                            43099 sec.

The output (if any) follows:



PS:

Read file </home_edu/edu-cmc-skpod23-321/edu-cmc-skpod23-321-01/out/openmp_hyperplain1200_O2_120.err> for stderr output of this job.

