Sender: LSF System <lsfadmin@polus-c4-ib.bmc.hpc.cs.msu.ru>
Subject: Job 1079627: <#BSUB -W 00:15;#BSUB -o /home_edu/edu-cmc-skpod23-321/edu-cmc-skpod23-321-01/out/openmp_redblack500_2.out;#BSUB -e /home_edu/edu-cmc-skpod23-321/edu-cmc-skpod23-321-01/out/openmp_redblack500_2.err; #BSUB -n 1;OMP_NUM_THREADS=2 /home_edu/edu-cmc-skpod23-321/edu-cmc-skpod23-321-01/build_prog/openmp_redblack500> in cluster <MSUCluster> Done

Job <#BSUB -W 00:15;#BSUB -o /home_edu/edu-cmc-skpod23-321/edu-cmc-skpod23-321-01/out/openmp_redblack500_2.out;#BSUB -e /home_edu/edu-cmc-skpod23-321/edu-cmc-skpod23-321-01/out/openmp_redblack500_2.err; #BSUB -n 1;OMP_NUM_THREADS=2 /home_edu/edu-cmc-skpod23-321/edu-cmc-skpod23-321-01/build_prog/openmp_redblack500> was submitted from host <polus-ib.bmc.hpc.cs.msu.ru> by user <edu-cmc-skpod23-321-01> in cluster <MSUCluster> at Wed Nov 29 00:40:38 2023
Job was executed on host(s) <polus-c4-ib.bmc.hpc.cs.msu.ru>, in queue <short>, as user <edu-cmc-skpod23-321-01> in cluster <MSUCluster> at Wed Nov 29 00:48:56 2023
</home_edu/edu-cmc-skpod23-321/edu-cmc-skpod23-321-01> was used as the home directory.
</home_edu/edu-cmc-skpod23-321/edu-cmc-skpod23-321-01> was used as the working directory.
Started at Wed Nov 29 00:48:56 2023
Terminated at Wed Nov 29 00:49:56 2023
Results reported at Wed Nov 29 00:49:56 2023

Your job looked like:

------------------------------------------------------------
# LSBATCH: User input
#BSUB -W 00:15
#BSUB -o /home_edu/edu-cmc-skpod23-321/edu-cmc-skpod23-321-01/out/openmp_redblack500_2.out
#BSUB -e /home_edu/edu-cmc-skpod23-321/edu-cmc-skpod23-321-01/out/openmp_redblack500_2.err

#BSUB -n 1
OMP_NUM_THREADS=2 /home_edu/edu-cmc-skpod23-321/edu-cmc-skpod23-321-01/build_prog/openmp_redblack500

------------------------------------------------------------

Successfully completed.

Resource usage summary:

    CPU time :                                   118.94 sec.
    Max Memory :                                 959 MB
    Average Memory :                             871.91 MB
    Total Requested Memory :                     -
    Delta Memory :                               -
    Max Swap :                                   -
    Max Processes :                              4
    Max Threads :                                6
    Run time :                                   60 sec.
    Turnaround time :                            558 sec.

The output (if any) follows:

Time = 59.434675


PS:

Read file </home_edu/edu-cmc-skpod23-321/edu-cmc-skpod23-321-01/out/openmp_redblack500_2.err> for stderr output of this job.

