Sender: LSF System <lsfadmin@polus-c3-ib.bmc.hpc.cs.msu.ru>
Subject: Job 1079616: <#BSUB -W 00:15;#BSUB -o /home_edu/edu-cmc-skpod23-321/edu-cmc-skpod23-321-01/out/openmp_for500_8.out;#BSUB -e /home_edu/edu-cmc-skpod23-321/edu-cmc-skpod23-321-01/out/openmp_for500_8.err; #BSUB -n 2;OMP_NUM_THREADS=8 /home_edu/edu-cmc-skpod23-321/edu-cmc-skpod23-321-01/build_prog/openmp_for500> in cluster <MSUCluster> Done

Job <#BSUB -W 00:15;#BSUB -o /home_edu/edu-cmc-skpod23-321/edu-cmc-skpod23-321-01/out/openmp_for500_8.out;#BSUB -e /home_edu/edu-cmc-skpod23-321/edu-cmc-skpod23-321-01/out/openmp_for500_8.err; #BSUB -n 2;OMP_NUM_THREADS=8 /home_edu/edu-cmc-skpod23-321/edu-cmc-skpod23-321-01/build_prog/openmp_for500> was submitted from host <polus-ib.bmc.hpc.cs.msu.ru> by user <edu-cmc-skpod23-321-01> in cluster <MSUCluster> at Wed Nov 29 00:40:38 2023
Job was executed on host(s) <2*polus-c3-ib.bmc.hpc.cs.msu.ru>, in queue <short>, as user <edu-cmc-skpod23-321-01> in cluster <MSUCluster> at Wed Nov 29 00:41:17 2023
</home_edu/edu-cmc-skpod23-321/edu-cmc-skpod23-321-01> was used as the home directory.
</home_edu/edu-cmc-skpod23-321/edu-cmc-skpod23-321-01> was used as the working directory.
Started at Wed Nov 29 00:41:17 2023
Terminated at Wed Nov 29 00:44:53 2023
Results reported at Wed Nov 29 00:44:53 2023

Your job looked like:

------------------------------------------------------------
# LSBATCH: User input
#BSUB -W 00:15
#BSUB -o /home_edu/edu-cmc-skpod23-321/edu-cmc-skpod23-321-01/out/openmp_for500_8.out
#BSUB -e /home_edu/edu-cmc-skpod23-321/edu-cmc-skpod23-321-01/out/openmp_for500_8.err

#BSUB -n 2
OMP_NUM_THREADS=8 /home_edu/edu-cmc-skpod23-321/edu-cmc-skpod23-321-01/build_prog/openmp_for500

------------------------------------------------------------

Successfully completed.

Resource usage summary:

    CPU time :                                   1725.91 sec.
    Max Memory :                                 960 MB
    Average Memory :                             928.03 MB
    Total Requested Memory :                     -
    Delta Memory :                               -
    Max Swap :                                   -
    Max Processes :                              4
    Max Threads :                                12
    Run time :                                   216 sec.
    Turnaround time :                            255 sec.

The output (if any) follows:

Time = 215.724312


PS:

Read file </home_edu/edu-cmc-skpod23-321/edu-cmc-skpod23-321-01/out/openmp_for500_8.err> for stderr output of this job.

