Sender: LSF System <lsfadmin@polus-c2-ib.bmc.hpc.cs.msu.ru>
Subject: Job 1079634: <#BSUB -W 00:15;#BSUB -o /home_edu/edu-cmc-skpod23-321/edu-cmc-skpod23-321-01/out/openmp_for100_100.out;#BSUB -e /home_edu/edu-cmc-skpod23-321/edu-cmc-skpod23-321-01/out/openmp_for100_100.err; #BSUB -n 13;OMP_NUM_THREADS=100 /home_edu/edu-cmc-skpod23-321/edu-cmc-skpod23-321-01/build_prog/openmp_for100> in cluster <MSUCluster> Done

Job <#BSUB -W 00:15;#BSUB -o /home_edu/edu-cmc-skpod23-321/edu-cmc-skpod23-321-01/out/openmp_for100_100.out;#BSUB -e /home_edu/edu-cmc-skpod23-321/edu-cmc-skpod23-321-01/out/openmp_for100_100.err; #BSUB -n 13;OMP_NUM_THREADS=100 /home_edu/edu-cmc-skpod23-321/edu-cmc-skpod23-321-01/build_prog/openmp_for100> was submitted from host <polus-ib.bmc.hpc.cs.msu.ru> by user <edu-cmc-skpod23-321-01> in cluster <MSUCluster> at Wed Nov 29 00:40:38 2023
Job was executed on host(s) <13*polus-c2-ib.bmc.hpc.cs.msu.ru>, in queue <short>, as user <edu-cmc-skpod23-321-01> in cluster <MSUCluster> at Wed Nov 29 01:00:25 2023
</home_edu/edu-cmc-skpod23-321/edu-cmc-skpod23-321-01> was used as the home directory.
</home_edu/edu-cmc-skpod23-321/edu-cmc-skpod23-321-01> was used as the working directory.
Started at Wed Nov 29 01:00:25 2023
Terminated at Wed Nov 29 01:00:29 2023
Results reported at Wed Nov 29 01:00:29 2023

Your job looked like:

------------------------------------------------------------
# LSBATCH: User input
#BSUB -W 00:15
#BSUB -o /home_edu/edu-cmc-skpod23-321/edu-cmc-skpod23-321-01/out/openmp_for100_100.out
#BSUB -e /home_edu/edu-cmc-skpod23-321/edu-cmc-skpod23-321-01/out/openmp_for100_100.err

#BSUB -n 13
OMP_NUM_THREADS=100 /home_edu/edu-cmc-skpod23-321/edu-cmc-skpod23-321-01/build_prog/openmp_for100

------------------------------------------------------------

Successfully completed.

Resource usage summary:

    CPU time :                                   169.31 sec.
    Max Memory :                                 25 MB
    Average Memory :                             17.00 MB
    Total Requested Memory :                     -
    Delta Memory :                               -
    Max Swap :                                   -
    Max Processes :                              4
    Max Threads :                                104
    Run time :                                   7 sec.
    Turnaround time :                            1191 sec.

The output (if any) follows:

Time = 2.638952


PS:

Read file </home_edu/edu-cmc-skpod23-321/edu-cmc-skpod23-321-01/out/openmp_for100_100.err> for stderr output of this job.

